<?xml version="1.0" encoding="UTF-8"?>
<testsuite xmlns:xsi="http://www.w3.org/2001/XMLSchema-instance" xsi:noNamespaceSchemaLocation="https://maven.apache.org/surefire/maven-surefire-plugin/xsd/surefire-test-report-3.0.xsd" version="3.0" name="com.otaviomendes.TodoList.TodoListApplicationTests" time="2.708" tests="2" errors="0" skipped="0" failures="0">
  <properties>
    <property name="java.specification.version" value="22"/>
    <property name="sun.jnu.encoding" value="UTF-8"/>
    <property name="java.class.path" value="/Users/otaviomendes/Documents/GitHub/TodoList-Update-/target/test-classes:/Users/otaviomendes/Documents/GitHub/TodoList-Update-/target/classes:/Users/otaviomendes/.m2/repository/org/springframework/boot/spring-boot-starter-data-jpa/3.1.11-SNAPSHOT/spring-boot-starter-data-jpa-3.1.11-SNAPSHOT.jar:/Users/otaviomendes/.m2/repository/org/springframework/boot/spring-boot-starter-aop/3.1.11-SNAPSHOT/spring-boot-starter-aop-3.1.11-SNAPSHOT.jar:/Users/otaviomendes/.m2/repository/org/springframework/spring-aop/6.0.19/spring-aop-6.0.19.jar:/Users/otaviomendes/.m2/repository/org/aspectj/aspectjweaver/1.9.22/aspectjweaver-1.9.22.jar:/Users/otaviomendes/.m2/repository/org/springframework/boot/spring-boot-starter-jdbc/3.1.11-SNAPSHOT/spring-boot-starter-jdbc-3.1.11-SNAPSHOT.jar:/Users/otaviomendes/.m2/repository/com/zaxxer/HikariCP/5.0.1/HikariCP-5.0.1.jar:/Users/otaviomendes/.m2/repository/org/springframework/spring-jdbc/6.0.19/spring-jdbc-6.0.19.jar:/Users/otaviomendes/.m2/repository/org/hibernate/orm/hibernate-core/6.2.24.Final/hibernate-core-6.2.24.Final.jar:/Users/otaviomendes/.m2/repository/jakarta/persistence/jakarta.persistence-api/3.1.0/jakarta.persistence-api-3.1.0.jar:/Users/otaviomendes/.m2/repository/jakarta/transaction/jakarta.transaction-api/2.0.1/jakarta.transaction-api-2.0.1.jar:/Users/otaviomendes/.m2/repository/org/jboss/logging/jboss-logging/3.5.3.Final/jboss-logging-3.5.3.Final.jar:/Users/otaviomendes/.m2/repository/org/hibernate/common/hibernate-commons-annotations/6.0.6.Final/hibernate-commons-annotations-6.0.6.Final.jar:/Users/otaviomendes/.m2/repository/io/smallrye/jandex/3.0.5/jandex-3.0.5.jar:/Users/otaviomendes/.m2/repository/com/fasterxml/classmate/1.5.1/classmate-1.5.1.jar:/Users/otaviomendes/.m2/repository/net/bytebuddy/byte-buddy/1.14.13/byte-buddy-1.14.13.jar:/Users/otaviomendes/.m2/repository/org/glassfish/jaxb/jaxb-runtime/4.0.5/jaxb-runtime-4.0.5.jar:/Users/otaviomendes/.m2/repository/org/glassfish/jaxb/jaxb-core/4.0.5/jaxb-core-4.0.5.jar:/Users/otaviomendes/.m2/repository/org/eclipse/angus/angus-activation/2.0.2/angus-activation-2.0.2.jar:/Users/otaviomendes/.m2/repository/org/glassfish/jaxb/txw2/4.0.5/txw2-4.0.5.jar:/Users/otaviomendes/.m2/repository/com/sun/istack/istack-commons-runtime/4.1.2/istack-commons-runtime-4.1.2.jar:/Users/otaviomendes/.m2/repository/jakarta/inject/jakarta.inject-api/2.0.1/jakarta.inject-api-2.0.1.jar:/Users/otaviomendes/.m2/repository/org/antlr/antlr4-runtime/4.10.1/antlr4-runtime-4.10.1.jar:/Users/otaviomendes/.m2/repository/org/springframework/data/spring-data-jpa/3.1.11/spring-data-jpa-3.1.11.jar:/Users/otaviomendes/.m2/repository/org/springframework/data/spring-data-commons/3.1.11/spring-data-commons-3.1.11.jar:/Users/otaviomendes/.m2/repository/org/springframework/spring-orm/6.0.19/spring-orm-6.0.19.jar:/Users/otaviomendes/.m2/repository/org/springframework/spring-context/6.0.19/spring-context-6.0.19.jar:/Users/otaviomendes/.m2/repository/org/springframework/spring-tx/6.0.19/spring-tx-6.0.19.jar:/Users/otaviomendes/.m2/repository/org/springframework/spring-beans/6.0.19/spring-beans-6.0.19.jar:/Users/otaviomendes/.m2/repository/jakarta/annotation/jakarta.annotation-api/2.1.1/jakarta.annotation-api-2.1.1.jar:/Users/otaviomendes/.m2/repository/org/slf4j/slf4j-api/2.0.13/slf4j-api-2.0.13.jar:/Users/otaviomendes/.m2/repository/org/springframework/spring-aspects/6.0.19/spring-aspects-6.0.19.jar:/Users/otaviomendes/.m2/repository/org/springframework/boot/spring-boot-starter-web/3.1.11-SNAPSHOT/spring-boot-starter-web-3.1.11-SNAPSHOT.jar:/Users/otaviomendes/.m2/repository/org/springframework/boot/spring-boot-starter/3.1.11-SNAPSHOT/spring-boot-starter-3.1.11-SNAPSHOT.jar:/Users/otaviomendes/.m2/repository/org/springframework/boot/spring-boot-starter-logging/3.1.11-SNAPSHOT/spring-boot-starter-logging-3.1.11-SNAPSHOT.jar:/Users/otaviomendes/.m2/repository/ch/qos/logback/logback-classic/1.4.14/logback-classic-1.4.14.jar:/Users/otaviomendes/.m2/repository/ch/qos/logback/logback-core/1.4.14/logback-core-1.4.14.jar:/Users/otaviomendes/.m2/repository/org/apache/logging/log4j/log4j-to-slf4j/2.20.0/log4j-to-slf4j-2.20.0.jar:/Users/otaviomendes/.m2/repository/org/apache/logging/log4j/log4j-api/2.20.0/log4j-api-2.20.0.jar:/Users/otaviomendes/.m2/repository/org/slf4j/jul-to-slf4j/2.0.13/jul-to-slf4j-2.0.13.jar:/Users/otaviomendes/.m2/repository/org/yaml/snakeyaml/1.33/snakeyaml-1.33.jar:/Users/otaviomendes/.m2/repository/org/springframework/boot/spring-boot-starter-json/3.1.11-SNAPSHOT/spring-boot-starter-json-3.1.11-SNAPSHOT.jar:/Users/otaviomendes/.m2/repository/com/fasterxml/jackson/core/jackson-databind/2.15.4/jackson-databind-2.15.4.jar:/Users/otaviomendes/.m2/repository/com/fasterxml/jackson/core/jackson-annotations/2.15.4/jackson-annotations-2.15.4.jar:/Users/otaviomendes/.m2/repository/com/fasterxml/jackson/core/jackson-core/2.15.4/jackson-core-2.15.4.jar:/Users/otaviomendes/.m2/repository/com/fasterxml/jackson/datatype/jackson-datatype-jdk8/2.15.4/jackson-datatype-jdk8-2.15.4.jar:/Users/otaviomendes/.m2/repository/com/fasterxml/jackson/datatype/jackson-datatype-jsr310/2.15.4/jackson-datatype-jsr310-2.15.4.jar:/Users/otaviomendes/.m2/repository/com/fasterxml/jackson/module/jackson-module-parameter-names/2.15.4/jackson-module-parameter-names-2.15.4.jar:/Users/otaviomendes/.m2/repository/org/springframework/boot/spring-boot-starter-tomcat/3.1.11-SNAPSHOT/spring-boot-starter-tomcat-3.1.11-SNAPSHOT.jar:/Users/otaviomendes/.m2/repository/org/apache/tomcat/embed/tomcat-embed-core/10.1.20/tomcat-embed-core-10.1.20.jar:/Users/otaviomendes/.m2/repository/org/apache/tomcat/embed/tomcat-embed-el/10.1.20/tomcat-embed-el-10.1.20.jar:/Users/otaviomendes/.m2/repository/org/apache/tomcat/embed/tomcat-embed-websocket/10.1.20/tomcat-embed-websocket-10.1.20.jar:/Users/otaviomendes/.m2/repository/org/springframework/spring-web/6.0.19/spring-web-6.0.19.jar:/Users/otaviomendes/.m2/repository/io/micrometer/micrometer-observation/1.11.11/micrometer-observation-1.11.11.jar:/Users/otaviomendes/.m2/repository/io/micrometer/micrometer-commons/1.11.11/micrometer-commons-1.11.11.jar:/Users/otaviomendes/.m2/repository/org/springframework/spring-webmvc/6.0.19/spring-webmvc-6.0.19.jar:/Users/otaviomendes/.m2/repository/org/springframework/spring-expression/6.0.19/spring-expression-6.0.19.jar:/Users/otaviomendes/.m2/repository/org/apache/maven/plugins/maven-surefire-plugin/2.19.1/maven-surefire-plugin-2.19.1.jar:/Users/otaviomendes/.m2/repository/org/apache/maven/maven-plugin-api/2.2.1/maven-plugin-api-2.2.1.jar:/Users/otaviomendes/.m2/repository/org/apache/maven/surefire/maven-surefire-common/2.19.1/maven-surefire-common-2.19.1.jar:/Users/otaviomendes/.m2/repository/org/apache/maven/surefire/surefire-booter/2.19.1/surefire-booter-2.19.1.jar:/Users/otaviomendes/.m2/repository/org/apache/maven/maven-artifact/2.2.1/maven-artifact-2.2.1.jar:/Users/otaviomendes/.m2/repository/org/codehaus/plexus/plexus-utils/1.5.15/plexus-utils-1.5.15.jar:/Users/otaviomendes/.m2/repository/org/apache/maven/maven-plugin-descriptor/2.2.1/maven-plugin-descriptor-2.2.1.jar:/Users/otaviomendes/.m2/repository/org/codehaus/plexus/plexus-container-default/1.0-alpha-9-stable-1/plexus-container-default-1.0-alpha-9-stable-1.jar:/Users/otaviomendes/.m2/repository/junit/junit/4.13.2/junit-4.13.2.jar:/Users/otaviomendes/.m2/repository/org/hamcrest/hamcrest-core/2.2/hamcrest-core-2.2.jar:/Users/otaviomendes/.m2/repository/org/apache/maven/maven-project/2.2.1/maven-project-2.2.1.jar:/Users/otaviomendes/.m2/repository/org/apache/maven/maven-settings/2.2.1/maven-settings-2.2.1.jar:/Users/otaviomendes/.m2/repository/org/apache/maven/maven-profile/2.2.1/maven-profile-2.2.1.jar:/Users/otaviomendes/.m2/repository/org/apache/maven/maven-artifact-manager/2.2.1/maven-artifact-manager-2.2.1.jar:/Users/otaviomendes/.m2/repository/backport-util-concurrent/backport-util-concurrent/3.1/backport-util-concurrent-3.1.jar:/Users/otaviomendes/.m2/repository/org/apache/maven/maven-plugin-registry/2.2.1/maven-plugin-registry-2.2.1.jar:/Users/otaviomendes/.m2/repository/org/codehaus/plexus/plexus-interpolation/1.11/plexus-interpolation-1.11.jar:/Users/otaviomendes/.m2/repository/org/apache/maven/maven-model/2.2.1/maven-model-2.2.1.jar:/Users/otaviomendes/.m2/repository/org/apache/maven/maven-core/2.2.1/maven-core-2.2.1.jar:/Users/otaviomendes/.m2/repository/org/apache/maven/maven-plugin-parameter-documenter/2.2.1/maven-plugin-parameter-documenter-2.2.1.jar:/Users/otaviomendes/.m2/repository/org/apache/maven/wagon/wagon-http/1.0-beta-6/wagon-http-1.0-beta-6.jar:/Users/otaviomendes/.m2/repository/org/apache/maven/wagon/wagon-http-shared/1.0-beta-6/wagon-http-shared-1.0-beta-6.jar:/Users/otaviomendes/.m2/repository/nekohtml/xercesMinimal/1.9.6.2/xercesMinimal-1.9.6.2.jar:/Users/otaviomendes/.m2/repository/nekohtml/nekohtml/1.9.6.2/nekohtml-1.9.6.2.jar:/Users/otaviomendes/.m2/repository/commons-httpclient/commons-httpclient/3.1/commons-httpclient-3.1.jar:/Users/otaviomendes/.m2/repository/commons-codec/commons-codec/1.15/commons-codec-1.15.jar:/Users/otaviomendes/.m2/repository/org/apache/maven/wagon/wagon-webdav-jackrabbit/1.0-beta-6/wagon-webdav-jackrabbit-1.0-beta-6.jar:/Users/otaviomendes/.m2/repository/org/apache/jackrabbit/jackrabbit-webdav/1.5.0/jackrabbit-webdav-1.5.0.jar:/Users/otaviomendes/.m2/repository/org/apache/jackrabbit/jackrabbit-jcr-commons/1.5.0/jackrabbit-jcr-commons-1.5.0.jar:/Users/otaviomendes/.m2/repository/org/slf4j/slf4j-nop/2.0.13/slf4j-nop-2.0.13.jar:/Users/otaviomendes/.m2/repository/org/slf4j/slf4j-jdk14/2.0.13/slf4j-jdk14-2.0.13.jar:/Users/otaviomendes/.m2/repository/org/slf4j/jcl-over-slf4j/2.0.13/jcl-over-slf4j-2.0.13.jar:/Users/otaviomendes/.m2/repository/org/apache/maven/reporting/maven-reporting-api/2.2.1/maven-reporting-api-2.2.1.jar:/Users/otaviomendes/.m2/repository/org/apache/maven/doxia/doxia-logging-api/1.1/doxia-logging-api-1.1.jar:/Users/otaviomendes/.m2/repository/org/apache/maven/wagon/wagon-provider-api/1.0-beta-6/wagon-provider-api-1.0-beta-6.jar:/Users/otaviomendes/.m2/repository/org/apache/maven/maven-repository-metadata/2.2.1/maven-repository-metadata-2.2.1.jar:/Users/otaviomendes/.m2/repository/org/apache/maven/maven-error-diagnostics/2.2.1/maven-error-diagnostics-2.2.1.jar:/Users/otaviomendes/.m2/repository/org/apache/maven/maven-monitor/2.2.1/maven-monitor-2.2.1.jar:/Users/otaviomendes/.m2/repository/classworlds/classworlds/1.1/classworlds-1.1.jar:/Users/otaviomendes/.m2/repository/org/sonatype/plexus/plexus-sec-dispatcher/1.3/plexus-sec-dispatcher-1.3.jar:/Users/otaviomendes/.m2/repository/org/sonatype/plexus/plexus-cipher/1.4/plexus-cipher-1.4.jar:/Users/otaviomendes/.m2/repository/org/apache/commons/commons-lang3/3.12.0/commons-lang3-3.12.0.jar:/Users/otaviomendes/.m2/repository/org/apache/maven/surefire/surefire-api/2.19.1/surefire-api-2.19.1.jar:/Users/otaviomendes/.m2/repository/org/apache/maven/maven-toolchain/2.2.1/maven-toolchain-2.2.1.jar:/Users/otaviomendes/.m2/repository/org/apache/maven/plugin-tools/maven-plugin-annotations/3.6.4/maven-plugin-annotations-3.6.4.jar:/Users/otaviomendes/.m2/repository/org/projectlombok/lombok/1.18.32/lombok-1.18.32.jar:/Users/otaviomendes/.m2/repository/org/springdoc/springdoc-openapi-starter-webmvc-ui/2.1.0/springdoc-openapi-starter-webmvc-ui-2.1.0.jar:/Users/otaviomendes/.m2/repository/org/springdoc/springdoc-openapi-starter-webmvc-api/2.1.0/springdoc-openapi-starter-webmvc-api-2.1.0.jar:/Users/otaviomendes/.m2/repository/org/springdoc/springdoc-openapi-starter-common/2.1.0/springdoc-openapi-starter-common-2.1.0.jar:/Users/otaviomendes/.m2/repository/io/swagger/core/v3/swagger-core-jakarta/2.2.9/swagger-core-jakarta-2.2.9.jar:/Users/otaviomendes/.m2/repository/io/swagger/core/v3/swagger-annotations-jakarta/2.2.9/swagger-annotations-jakarta-2.2.9.jar:/Users/otaviomendes/.m2/repository/io/swagger/core/v3/swagger-models-jakarta/2.2.9/swagger-models-jakarta-2.2.9.jar:/Users/otaviomendes/.m2/repository/com/fasterxml/jackson/dataformat/jackson-dataformat-yaml/2.15.4/jackson-dataformat-yaml-2.15.4.jar:/Users/otaviomendes/.m2/repository/org/webjars/swagger-ui/4.18.2/swagger-ui-4.18.2.jar:/Users/otaviomendes/.m2/repository/org/springframework/boot/spring-boot-devtools/3.1.11-SNAPSHOT/spring-boot-devtools-3.1.11-SNAPSHOT.jar:/Users/otaviomendes/.m2/repository/org/springframework/boot/spring-boot/3.1.11-SNAPSHOT/spring-boot-3.1.11-SNAPSHOT.jar:/Users/otaviomendes/.m2/repository/org/springframework/boot/spring-boot-autoconfigure/3.1.11-SNAPSHOT/spring-boot-autoconfigure-3.1.11-SNAPSHOT.jar:/Users/otaviomendes/.m2/repository/org/springframework/boot/spring-boot-starter-webflux/3.1.11-SNAPSHOT/spring-boot-starter-webflux-3.1.11-SNAPSHOT.jar:/Users/otaviomendes/.m2/repository/org/springframework/boot/spring-boot-starter-reactor-netty/3.1.11-SNAPSHOT/spring-boot-starter-reactor-netty-3.1.11-SNAPSHOT.jar:/Users/otaviomendes/.m2/repository/io/projectreactor/netty/reactor-netty-http/1.1.18/reactor-netty-http-1.1.18.jar:/Users/otaviomendes/.m2/repository/io/netty/netty-codec-http/4.1.109.Final/netty-codec-http-4.1.109.Final.jar:/Users/otaviomendes/.m2/repository/io/netty/netty-codec-http2/4.1.109.Final/netty-codec-http2-4.1.109.Final.jar:/Users/otaviomendes/.m2/repository/io/netty/netty-resolver-dns-native-macos/4.1.109.Final/netty-resolver-dns-native-macos-4.1.109.Final-osx-x86_64.jar:/Users/otaviomendes/.m2/repository/io/netty/netty-resolver-dns-classes-macos/4.1.109.Final/netty-resolver-dns-classes-macos-4.1.109.Final.jar:/Users/otaviomendes/.m2/repository/io/netty/netty-transport-native-epoll/4.1.109.Final/netty-transport-native-epoll-4.1.109.Final-linux-x86_64.jar:/Users/otaviomendes/.m2/repository/io/netty/netty-transport-classes-epoll/4.1.109.Final/netty-transport-classes-epoll-4.1.109.Final.jar:/Users/otaviomendes/.m2/repository/io/projectreactor/netty/reactor-netty-core/1.1.18/reactor-netty-core-1.1.18.jar:/Users/otaviomendes/.m2/repository/io/netty/netty-handler-proxy/4.1.109.Final/netty-handler-proxy-4.1.109.Final.jar:/Users/otaviomendes/.m2/repository/io/netty/netty-codec-socks/4.1.109.Final/netty-codec-socks-4.1.109.Final.jar:/Users/otaviomendes/.m2/repository/org/springframework/spring-webflux/6.0.19/spring-webflux-6.0.19.jar:/Users/otaviomendes/.m2/repository/io/projectreactor/reactor-core/3.5.16/reactor-core-3.5.16.jar:/Users/otaviomendes/.m2/repository/org/reactivestreams/reactive-streams/1.0.4/reactive-streams-1.0.4.jar:/Users/otaviomendes/.m2/repository/com/h2database/h2/2.1.214/h2-2.1.214.jar:/Users/otaviomendes/.m2/repository/io/netty/netty-resolver-dns-native-macos/4.1.68.Final/netty-resolver-dns-native-macos-4.1.68.Final.jar:/Users/otaviomendes/.m2/repository/io/netty/netty-common/4.1.109.Final/netty-common-4.1.109.Final.jar:/Users/otaviomendes/.m2/repository/io/netty/netty-resolver-dns/4.1.109.Final/netty-resolver-dns-4.1.109.Final.jar:/Users/otaviomendes/.m2/repository/io/netty/netty-buffer/4.1.109.Final/netty-buffer-4.1.109.Final.jar:/Users/otaviomendes/.m2/repository/io/netty/netty-resolver/4.1.109.Final/netty-resolver-4.1.109.Final.jar:/Users/otaviomendes/.m2/repository/io/netty/netty-transport/4.1.109.Final/netty-transport-4.1.109.Final.jar:/Users/otaviomendes/.m2/repository/io/netty/netty-codec/4.1.109.Final/netty-codec-4.1.109.Final.jar:/Users/otaviomendes/.m2/repository/io/netty/netty-codec-dns/4.1.109.Final/netty-codec-dns-4.1.109.Final.jar:/Users/otaviomendes/.m2/repository/io/netty/netty-handler/4.1.109.Final/netty-handler-4.1.109.Final.jar:/Users/otaviomendes/.m2/repository/io/netty/netty-transport-native-unix-common/4.1.109.Final/netty-transport-native-unix-common-4.1.109.Final.jar:/Users/otaviomendes/.m2/repository/org/springframework/boot/spring-boot-starter-test/3.1.11-SNAPSHOT/spring-boot-starter-test-3.1.11-SNAPSHOT.jar:/Users/otaviomendes/.m2/repository/org/springframework/boot/spring-boot-test/3.1.11-SNAPSHOT/spring-boot-test-3.1.11-SNAPSHOT.jar:/Users/otaviomendes/.m2/repository/org/springframework/boot/spring-boot-test-autoconfigure/3.1.11-SNAPSHOT/spring-boot-test-autoconfigure-3.1.11-SNAPSHOT.jar:/Users/otaviomendes/.m2/repository/com/jayway/jsonpath/json-path/2.9.0/json-path-2.9.0.jar:/Users/otaviomendes/.m2/repository/jakarta/xml/bind/jakarta.xml.bind-api/4.0.2/jakarta.xml.bind-api-4.0.2.jar:/Users/otaviomendes/.m2/repository/jakarta/activation/jakarta.activation-api/2.1.3/jakarta.activation-api-2.1.3.jar:/Users/otaviomendes/.m2/repository/net/minidev/json-smart/2.4.11/json-smart-2.4.11.jar:/Users/otaviomendes/.m2/repository/net/minidev/accessors-smart/2.4.11/accessors-smart-2.4.11.jar:/Users/otaviomendes/.m2/repository/org/ow2/asm/asm/9.3/asm-9.3.jar:/Users/otaviomendes/.m2/repository/org/assertj/assertj-core/3.24.2/assertj-core-3.24.2.jar:/Users/otaviomendes/.m2/repository/org/hamcrest/hamcrest/2.2/hamcrest-2.2.jar:/Users/otaviomendes/.m2/repository/org/junit/jupiter/junit-jupiter/5.9.3/junit-jupiter-5.9.3.jar:/Users/otaviomendes/.m2/repository/org/junit/jupiter/junit-jupiter-api/5.9.3/junit-jupiter-api-5.9.3.jar:/Users/otaviomendes/.m2/repository/org/opentest4j/opentest4j/1.2.0/opentest4j-1.2.0.jar:/Users/otaviomendes/.m2/repository/org/junit/platform/junit-platform-commons/1.9.3/junit-platform-commons-1.9.3.jar:/Users/otaviomendes/.m2/repository/org/apiguardian/apiguardian-api/1.1.2/apiguardian-api-1.1.2.jar:/Users/otaviomendes/.m2/repository/org/junit/jupiter/junit-jupiter-params/5.9.3/junit-jupiter-params-5.9.3.jar:/Users/otaviomendes/.m2/repository/org/junit/jupiter/junit-jupiter-engine/5.9.3/junit-jupiter-engine-5.9.3.jar:/Users/otaviomendes/.m2/repository/org/junit/platform/junit-platform-engine/1.9.3/junit-platform-engine-1.9.3.jar:/Users/otaviomendes/.m2/repository/org/mockito/mockito-core/5.3.1/mockito-core-5.3.1.jar:/Users/otaviomendes/.m2/repository/net/bytebuddy/byte-buddy-agent/1.14.13/byte-buddy-agent-1.14.13.jar:/Users/otaviomendes/.m2/repository/org/objenesis/objenesis/3.3/objenesis-3.3.jar:/Users/otaviomendes/.m2/repository/org/mockito/mockito-junit-jupiter/5.3.1/mockito-junit-jupiter-5.3.1.jar:/Users/otaviomendes/.m2/repository/org/skyscreamer/jsonassert/1.5.1/jsonassert-1.5.1.jar:/Users/otaviomendes/.m2/repository/com/vaadin/external/google/android-json/0.0.20131108.vaadin1/android-json-0.0.20131108.vaadin1.jar:/Users/otaviomendes/.m2/repository/org/springframework/spring-core/6.0.19/spring-core-6.0.19.jar:/Users/otaviomendes/.m2/repository/org/springframework/spring-jcl/6.0.19/spring-jcl-6.0.19.jar:/Users/otaviomendes/.m2/repository/org/springframework/spring-test/6.0.19/spring-test-6.0.19.jar:/Users/otaviomendes/.m2/repository/org/xmlunit/xmlunit-core/2.9.1/xmlunit-core-2.9.1.jar:/Users/otaviomendes/.m2/repository/jakarta/validation/jakarta.validation-api/3.0.2/jakarta.validation-api-3.0.2.jar:"/>
    <property name="java.vm.vendor" value="Oracle Corporation"/>
    <property name="sun.arch.data.model" value="64"/>
    <property name="catalina.useNaming" value="false"/>
    <property name="java.vendor.url" value="https://java.oracle.com/"/>
    <property name="user.timezone" value="America/Sao_Paulo"/>
    <property name="org.jboss.logging.provider" value="slf4j"/>
    <property name="os.name" value="Mac OS X"/>
    <property name="java.vm.specification.version" value="22"/>
    <property name="sun.java.launcher" value="SUN_STANDARD"/>
    <property name="user.country" value="BR"/>
    <property name="sun.boot.library.path" value="/Users/otaviomendes/Library/Java/JavaVirtualMachines/openjdk-22.0.1/Contents/Home/lib"/>
    <property name="sun.java.command" value="/Users/otaviomendes/Documents/GitHub/TodoList-Update-/target/surefire/surefirebooter-20240517074433663_3.jar /Users/otaviomendes/Documents/GitHub/TodoList-Update-/target/surefire 2024-05-17T07-44-33_627-jvmRun1 surefire-20240517074433663_1tmp surefire_0-20240517074433663_2tmp"/>
    <property name="http.nonProxyHosts" value="local|*.local|169.254/16|*.169.254/16"/>
    <property name="jdk.debug" value="release"/>
    <property name="surefire.test.class.path" value="/Users/otaviomendes/Documents/GitHub/TodoList-Update-/target/test-classes:/Users/otaviomendes/Documents/GitHub/TodoList-Update-/target/classes:/Users/otaviomendes/.m2/repository/org/springframework/boot/spring-boot-starter-data-jpa/3.1.11-SNAPSHOT/spring-boot-starter-data-jpa-3.1.11-SNAPSHOT.jar:/Users/otaviomendes/.m2/repository/org/springframework/boot/spring-boot-starter-aop/3.1.11-SNAPSHOT/spring-boot-starter-aop-3.1.11-SNAPSHOT.jar:/Users/otaviomendes/.m2/repository/org/springframework/spring-aop/6.0.19/spring-aop-6.0.19.jar:/Users/otaviomendes/.m2/repository/org/aspectj/aspectjweaver/1.9.22/aspectjweaver-1.9.22.jar:/Users/otaviomendes/.m2/repository/org/springframework/boot/spring-boot-starter-jdbc/3.1.11-SNAPSHOT/spring-boot-starter-jdbc-3.1.11-SNAPSHOT.jar:/Users/otaviomendes/.m2/repository/com/zaxxer/HikariCP/5.0.1/HikariCP-5.0.1.jar:/Users/otaviomendes/.m2/repository/org/springframework/spring-jdbc/6.0.19/spring-jdbc-6.0.19.jar:/Users/otaviomendes/.m2/repository/org/hibernate/orm/hibernate-core/6.2.24.Final/hibernate-core-6.2.24.Final.jar:/Users/otaviomendes/.m2/repository/jakarta/persistence/jakarta.persistence-api/3.1.0/jakarta.persistence-api-3.1.0.jar:/Users/otaviomendes/.m2/repository/jakarta/transaction/jakarta.transaction-api/2.0.1/jakarta.transaction-api-2.0.1.jar:/Users/otaviomendes/.m2/repository/org/jboss/logging/jboss-logging/3.5.3.Final/jboss-logging-3.5.3.Final.jar:/Users/otaviomendes/.m2/repository/org/hibernate/common/hibernate-commons-annotations/6.0.6.Final/hibernate-commons-annotations-6.0.6.Final.jar:/Users/otaviomendes/.m2/repository/io/smallrye/jandex/3.0.5/jandex-3.0.5.jar:/Users/otaviomendes/.m2/repository/com/fasterxml/classmate/1.5.1/classmate-1.5.1.jar:/Users/otaviomendes/.m2/repository/net/bytebuddy/byte-buddy/1.14.13/byte-buddy-1.14.13.jar:/Users/otaviomendes/.m2/repository/org/glassfish/jaxb/jaxb-runtime/4.0.5/jaxb-runtime-4.0.5.jar:/Users/otaviomendes/.m2/repository/org/glassfish/jaxb/jaxb-core/4.0.5/jaxb-core-4.0.5.jar:/Users/otaviomendes/.m2/repository/org/eclipse/angus/angus-activation/2.0.2/angus-activation-2.0.2.jar:/Users/otaviomendes/.m2/repository/org/glassfish/jaxb/txw2/4.0.5/txw2-4.0.5.jar:/Users/otaviomendes/.m2/repository/com/sun/istack/istack-commons-runtime/4.1.2/istack-commons-runtime-4.1.2.jar:/Users/otaviomendes/.m2/repository/jakarta/inject/jakarta.inject-api/2.0.1/jakarta.inject-api-2.0.1.jar:/Users/otaviomendes/.m2/repository/org/antlr/antlr4-runtime/4.10.1/antlr4-runtime-4.10.1.jar:/Users/otaviomendes/.m2/repository/org/springframework/data/spring-data-jpa/3.1.11/spring-data-jpa-3.1.11.jar:/Users/otaviomendes/.m2/repository/org/springframework/data/spring-data-commons/3.1.11/spring-data-commons-3.1.11.jar:/Users/otaviomendes/.m2/repository/org/springframework/spring-orm/6.0.19/spring-orm-6.0.19.jar:/Users/otaviomendes/.m2/repository/org/springframework/spring-context/6.0.19/spring-context-6.0.19.jar:/Users/otaviomendes/.m2/repository/org/springframework/spring-tx/6.0.19/spring-tx-6.0.19.jar:/Users/otaviomendes/.m2/repository/org/springframework/spring-beans/6.0.19/spring-beans-6.0.19.jar:/Users/otaviomendes/.m2/repository/jakarta/annotation/jakarta.annotation-api/2.1.1/jakarta.annotation-api-2.1.1.jar:/Users/otaviomendes/.m2/repository/org/slf4j/slf4j-api/2.0.13/slf4j-api-2.0.13.jar:/Users/otaviomendes/.m2/repository/org/springframework/spring-aspects/6.0.19/spring-aspects-6.0.19.jar:/Users/otaviomendes/.m2/repository/org/springframework/boot/spring-boot-starter-web/3.1.11-SNAPSHOT/spring-boot-starter-web-3.1.11-SNAPSHOT.jar:/Users/otaviomendes/.m2/repository/org/springframework/boot/spring-boot-starter/3.1.11-SNAPSHOT/spring-boot-starter-3.1.11-SNAPSHOT.jar:/Users/otaviomendes/.m2/repository/org/springframework/boot/spring-boot-starter-logging/3.1.11-SNAPSHOT/spring-boot-starter-logging-3.1.11-SNAPSHOT.jar:/Users/otaviomendes/.m2/repository/ch/qos/logback/logback-classic/1.4.14/logback-classic-1.4.14.jar:/Users/otaviomendes/.m2/repository/ch/qos/logback/logback-core/1.4.14/logback-core-1.4.14.jar:/Users/otaviomendes/.m2/repository/org/apache/logging/log4j/log4j-to-slf4j/2.20.0/log4j-to-slf4j-2.20.0.jar:/Users/otaviomendes/.m2/repository/org/apache/logging/log4j/log4j-api/2.20.0/log4j-api-2.20.0.jar:/Users/otaviomendes/.m2/repository/org/slf4j/jul-to-slf4j/2.0.13/jul-to-slf4j-2.0.13.jar:/Users/otaviomendes/.m2/repository/org/yaml/snakeyaml/1.33/snakeyaml-1.33.jar:/Users/otaviomendes/.m2/repository/org/springframework/boot/spring-boot-starter-json/3.1.11-SNAPSHOT/spring-boot-starter-json-3.1.11-SNAPSHOT.jar:/Users/otaviomendes/.m2/repository/com/fasterxml/jackson/core/jackson-databind/2.15.4/jackson-databind-2.15.4.jar:/Users/otaviomendes/.m2/repository/com/fasterxml/jackson/core/jackson-annotations/2.15.4/jackson-annotations-2.15.4.jar:/Users/otaviomendes/.m2/repository/com/fasterxml/jackson/core/jackson-core/2.15.4/jackson-core-2.15.4.jar:/Users/otaviomendes/.m2/repository/com/fasterxml/jackson/datatype/jackson-datatype-jdk8/2.15.4/jackson-datatype-jdk8-2.15.4.jar:/Users/otaviomendes/.m2/repository/com/fasterxml/jackson/datatype/jackson-datatype-jsr310/2.15.4/jackson-datatype-jsr310-2.15.4.jar:/Users/otaviomendes/.m2/repository/com/fasterxml/jackson/module/jackson-module-parameter-names/2.15.4/jackson-module-parameter-names-2.15.4.jar:/Users/otaviomendes/.m2/repository/org/springframework/boot/spring-boot-starter-tomcat/3.1.11-SNAPSHOT/spring-boot-starter-tomcat-3.1.11-SNAPSHOT.jar:/Users/otaviomendes/.m2/repository/org/apache/tomcat/embed/tomcat-embed-core/10.1.20/tomcat-embed-core-10.1.20.jar:/Users/otaviomendes/.m2/repository/org/apache/tomcat/embed/tomcat-embed-el/10.1.20/tomcat-embed-el-10.1.20.jar:/Users/otaviomendes/.m2/repository/org/apache/tomcat/embed/tomcat-embed-websocket/10.1.20/tomcat-embed-websocket-10.1.20.jar:/Users/otaviomendes/.m2/repository/org/springframework/spring-web/6.0.19/spring-web-6.0.19.jar:/Users/otaviomendes/.m2/repository/io/micrometer/micrometer-observation/1.11.11/micrometer-observation-1.11.11.jar:/Users/otaviomendes/.m2/repository/io/micrometer/micrometer-commons/1.11.11/micrometer-commons-1.11.11.jar:/Users/otaviomendes/.m2/repository/org/springframework/spring-webmvc/6.0.19/spring-webmvc-6.0.19.jar:/Users/otaviomendes/.m2/repository/org/springframework/spring-expression/6.0.19/spring-expression-6.0.19.jar:/Users/otaviomendes/.m2/repository/org/apache/maven/plugins/maven-surefire-plugin/2.19.1/maven-surefire-plugin-2.19.1.jar:/Users/otaviomendes/.m2/repository/org/apache/maven/maven-plugin-api/2.2.1/maven-plugin-api-2.2.1.jar:/Users/otaviomendes/.m2/repository/org/apache/maven/surefire/maven-surefire-common/2.19.1/maven-surefire-common-2.19.1.jar:/Users/otaviomendes/.m2/repository/org/apache/maven/surefire/surefire-booter/2.19.1/surefire-booter-2.19.1.jar:/Users/otaviomendes/.m2/repository/org/apache/maven/maven-artifact/2.2.1/maven-artifact-2.2.1.jar:/Users/otaviomendes/.m2/repository/org/codehaus/plexus/plexus-utils/1.5.15/plexus-utils-1.5.15.jar:/Users/otaviomendes/.m2/repository/org/apache/maven/maven-plugin-descriptor/2.2.1/maven-plugin-descriptor-2.2.1.jar:/Users/otaviomendes/.m2/repository/org/codehaus/plexus/plexus-container-default/1.0-alpha-9-stable-1/plexus-container-default-1.0-alpha-9-stable-1.jar:/Users/otaviomendes/.m2/repository/junit/junit/4.13.2/junit-4.13.2.jar:/Users/otaviomendes/.m2/repository/org/hamcrest/hamcrest-core/2.2/hamcrest-core-2.2.jar:/Users/otaviomendes/.m2/repository/org/apache/maven/maven-project/2.2.1/maven-project-2.2.1.jar:/Users/otaviomendes/.m2/repository/org/apache/maven/maven-settings/2.2.1/maven-settings-2.2.1.jar:/Users/otaviomendes/.m2/repository/org/apache/maven/maven-profile/2.2.1/maven-profile-2.2.1.jar:/Users/otaviomendes/.m2/repository/org/apache/maven/maven-artifact-manager/2.2.1/maven-artifact-manager-2.2.1.jar:/Users/otaviomendes/.m2/repository/backport-util-concurrent/backport-util-concurrent/3.1/backport-util-concurrent-3.1.jar:/Users/otaviomendes/.m2/repository/org/apache/maven/maven-plugin-registry/2.2.1/maven-plugin-registry-2.2.1.jar:/Users/otaviomendes/.m2/repository/org/codehaus/plexus/plexus-interpolation/1.11/plexus-interpolation-1.11.jar:/Users/otaviomendes/.m2/repository/org/apache/maven/maven-model/2.2.1/maven-model-2.2.1.jar:/Users/otaviomendes/.m2/repository/org/apache/maven/maven-core/2.2.1/maven-core-2.2.1.jar:/Users/otaviomendes/.m2/repository/org/apache/maven/maven-plugin-parameter-documenter/2.2.1/maven-plugin-parameter-documenter-2.2.1.jar:/Users/otaviomendes/.m2/repository/org/apache/maven/wagon/wagon-http/1.0-beta-6/wagon-http-1.0-beta-6.jar:/Users/otaviomendes/.m2/repository/org/apache/maven/wagon/wagon-http-shared/1.0-beta-6/wagon-http-shared-1.0-beta-6.jar:/Users/otaviomendes/.m2/repository/nekohtml/xercesMinimal/1.9.6.2/xercesMinimal-1.9.6.2.jar:/Users/otaviomendes/.m2/repository/nekohtml/nekohtml/1.9.6.2/nekohtml-1.9.6.2.jar:/Users/otaviomendes/.m2/repository/commons-httpclient/commons-httpclient/3.1/commons-httpclient-3.1.jar:/Users/otaviomendes/.m2/repository/commons-codec/commons-codec/1.15/commons-codec-1.15.jar:/Users/otaviomendes/.m2/repository/org/apache/maven/wagon/wagon-webdav-jackrabbit/1.0-beta-6/wagon-webdav-jackrabbit-1.0-beta-6.jar:/Users/otaviomendes/.m2/repository/org/apache/jackrabbit/jackrabbit-webdav/1.5.0/jackrabbit-webdav-1.5.0.jar:/Users/otaviomendes/.m2/repository/org/apache/jackrabbit/jackrabbit-jcr-commons/1.5.0/jackrabbit-jcr-commons-1.5.0.jar:/Users/otaviomendes/.m2/repository/org/slf4j/slf4j-nop/2.0.13/slf4j-nop-2.0.13.jar:/Users/otaviomendes/.m2/repository/org/slf4j/slf4j-jdk14/2.0.13/slf4j-jdk14-2.0.13.jar:/Users/otaviomendes/.m2/repository/org/slf4j/jcl-over-slf4j/2.0.13/jcl-over-slf4j-2.0.13.jar:/Users/otaviomendes/.m2/repository/org/apache/maven/reporting/maven-reporting-api/2.2.1/maven-reporting-api-2.2.1.jar:/Users/otaviomendes/.m2/repository/org/apache/maven/doxia/doxia-logging-api/1.1/doxia-logging-api-1.1.jar:/Users/otaviomendes/.m2/repository/org/apache/maven/wagon/wagon-provider-api/1.0-beta-6/wagon-provider-api-1.0-beta-6.jar:/Users/otaviomendes/.m2/repository/org/apache/maven/maven-repository-metadata/2.2.1/maven-repository-metadata-2.2.1.jar:/Users/otaviomendes/.m2/repository/org/apache/maven/maven-error-diagnostics/2.2.1/maven-error-diagnostics-2.2.1.jar:/Users/otaviomendes/.m2/repository/org/apache/maven/maven-monitor/2.2.1/maven-monitor-2.2.1.jar:/Users/otaviomendes/.m2/repository/classworlds/classworlds/1.1/classworlds-1.1.jar:/Users/otaviomendes/.m2/repository/org/sonatype/plexus/plexus-sec-dispatcher/1.3/plexus-sec-dispatcher-1.3.jar:/Users/otaviomendes/.m2/repository/org/sonatype/plexus/plexus-cipher/1.4/plexus-cipher-1.4.jar:/Users/otaviomendes/.m2/repository/org/apache/commons/commons-lang3/3.12.0/commons-lang3-3.12.0.jar:/Users/otaviomendes/.m2/repository/org/apache/maven/surefire/surefire-api/2.19.1/surefire-api-2.19.1.jar:/Users/otaviomendes/.m2/repository/org/apache/maven/maven-toolchain/2.2.1/maven-toolchain-2.2.1.jar:/Users/otaviomendes/.m2/repository/org/apache/maven/plugin-tools/maven-plugin-annotations/3.6.4/maven-plugin-annotations-3.6.4.jar:/Users/otaviomendes/.m2/repository/org/projectlombok/lombok/1.18.32/lombok-1.18.32.jar:/Users/otaviomendes/.m2/repository/org/springdoc/springdoc-openapi-starter-webmvc-ui/2.1.0/springdoc-openapi-starter-webmvc-ui-2.1.0.jar:/Users/otaviomendes/.m2/repository/org/springdoc/springdoc-openapi-starter-webmvc-api/2.1.0/springdoc-openapi-starter-webmvc-api-2.1.0.jar:/Users/otaviomendes/.m2/repository/org/springdoc/springdoc-openapi-starter-common/2.1.0/springdoc-openapi-starter-common-2.1.0.jar:/Users/otaviomendes/.m2/repository/io/swagger/core/v3/swagger-core-jakarta/2.2.9/swagger-core-jakarta-2.2.9.jar:/Users/otaviomendes/.m2/repository/io/swagger/core/v3/swagger-annotations-jakarta/2.2.9/swagger-annotations-jakarta-2.2.9.jar:/Users/otaviomendes/.m2/repository/io/swagger/core/v3/swagger-models-jakarta/2.2.9/swagger-models-jakarta-2.2.9.jar:/Users/otaviomendes/.m2/repository/com/fasterxml/jackson/dataformat/jackson-dataformat-yaml/2.15.4/jackson-dataformat-yaml-2.15.4.jar:/Users/otaviomendes/.m2/repository/org/webjars/swagger-ui/4.18.2/swagger-ui-4.18.2.jar:/Users/otaviomendes/.m2/repository/org/springframework/boot/spring-boot-devtools/3.1.11-SNAPSHOT/spring-boot-devtools-3.1.11-SNAPSHOT.jar:/Users/otaviomendes/.m2/repository/org/springframework/boot/spring-boot/3.1.11-SNAPSHOT/spring-boot-3.1.11-SNAPSHOT.jar:/Users/otaviomendes/.m2/repository/org/springframework/boot/spring-boot-autoconfigure/3.1.11-SNAPSHOT/spring-boot-autoconfigure-3.1.11-SNAPSHOT.jar:/Users/otaviomendes/.m2/repository/org/springframework/boot/spring-boot-starter-webflux/3.1.11-SNAPSHOT/spring-boot-starter-webflux-3.1.11-SNAPSHOT.jar:/Users/otaviomendes/.m2/repository/org/springframework/boot/spring-boot-starter-reactor-netty/3.1.11-SNAPSHOT/spring-boot-starter-reactor-netty-3.1.11-SNAPSHOT.jar:/Users/otaviomendes/.m2/repository/io/projectreactor/netty/reactor-netty-http/1.1.18/reactor-netty-http-1.1.18.jar:/Users/otaviomendes/.m2/repository/io/netty/netty-codec-http/4.1.109.Final/netty-codec-http-4.1.109.Final.jar:/Users/otaviomendes/.m2/repository/io/netty/netty-codec-http2/4.1.109.Final/netty-codec-http2-4.1.109.Final.jar:/Users/otaviomendes/.m2/repository/io/netty/netty-resolver-dns-native-macos/4.1.109.Final/netty-resolver-dns-native-macos-4.1.109.Final-osx-x86_64.jar:/Users/otaviomendes/.m2/repository/io/netty/netty-resolver-dns-classes-macos/4.1.109.Final/netty-resolver-dns-classes-macos-4.1.109.Final.jar:/Users/otaviomendes/.m2/repository/io/netty/netty-transport-native-epoll/4.1.109.Final/netty-transport-native-epoll-4.1.109.Final-linux-x86_64.jar:/Users/otaviomendes/.m2/repository/io/netty/netty-transport-classes-epoll/4.1.109.Final/netty-transport-classes-epoll-4.1.109.Final.jar:/Users/otaviomendes/.m2/repository/io/projectreactor/netty/reactor-netty-core/1.1.18/reactor-netty-core-1.1.18.jar:/Users/otaviomendes/.m2/repository/io/netty/netty-handler-proxy/4.1.109.Final/netty-handler-proxy-4.1.109.Final.jar:/Users/otaviomendes/.m2/repository/io/netty/netty-codec-socks/4.1.109.Final/netty-codec-socks-4.1.109.Final.jar:/Users/otaviomendes/.m2/repository/org/springframework/spring-webflux/6.0.19/spring-webflux-6.0.19.jar:/Users/otaviomendes/.m2/repository/io/projectreactor/reactor-core/3.5.16/reactor-core-3.5.16.jar:/Users/otaviomendes/.m2/repository/org/reactivestreams/reactive-streams/1.0.4/reactive-streams-1.0.4.jar:/Users/otaviomendes/.m2/repository/com/h2database/h2/2.1.214/h2-2.1.214.jar:/Users/otaviomendes/.m2/repository/io/netty/netty-resolver-dns-native-macos/4.1.68.Final/netty-resolver-dns-native-macos-4.1.68.Final.jar:/Users/otaviomendes/.m2/repository/io/netty/netty-common/4.1.109.Final/netty-common-4.1.109.Final.jar:/Users/otaviomendes/.m2/repository/io/netty/netty-resolver-dns/4.1.109.Final/netty-resolver-dns-4.1.109.Final.jar:/Users/otaviomendes/.m2/repository/io/netty/netty-buffer/4.1.109.Final/netty-buffer-4.1.109.Final.jar:/Users/otaviomendes/.m2/repository/io/netty/netty-resolver/4.1.109.Final/netty-resolver-4.1.109.Final.jar:/Users/otaviomendes/.m2/repository/io/netty/netty-transport/4.1.109.Final/netty-transport-4.1.109.Final.jar:/Users/otaviomendes/.m2/repository/io/netty/netty-codec/4.1.109.Final/netty-codec-4.1.109.Final.jar:/Users/otaviomendes/.m2/repository/io/netty/netty-codec-dns/4.1.109.Final/netty-codec-dns-4.1.109.Final.jar:/Users/otaviomendes/.m2/repository/io/netty/netty-handler/4.1.109.Final/netty-handler-4.1.109.Final.jar:/Users/otaviomendes/.m2/repository/io/netty/netty-transport-native-unix-common/4.1.109.Final/netty-transport-native-unix-common-4.1.109.Final.jar:/Users/otaviomendes/.m2/repository/org/springframework/boot/spring-boot-starter-test/3.1.11-SNAPSHOT/spring-boot-starter-test-3.1.11-SNAPSHOT.jar:/Users/otaviomendes/.m2/repository/org/springframework/boot/spring-boot-test/3.1.11-SNAPSHOT/spring-boot-test-3.1.11-SNAPSHOT.jar:/Users/otaviomendes/.m2/repository/org/springframework/boot/spring-boot-test-autoconfigure/3.1.11-SNAPSHOT/spring-boot-test-autoconfigure-3.1.11-SNAPSHOT.jar:/Users/otaviomendes/.m2/repository/com/jayway/jsonpath/json-path/2.9.0/json-path-2.9.0.jar:/Users/otaviomendes/.m2/repository/jakarta/xml/bind/jakarta.xml.bind-api/4.0.2/jakarta.xml.bind-api-4.0.2.jar:/Users/otaviomendes/.m2/repository/jakarta/activation/jakarta.activation-api/2.1.3/jakarta.activation-api-2.1.3.jar:/Users/otaviomendes/.m2/repository/net/minidev/json-smart/2.4.11/json-smart-2.4.11.jar:/Users/otaviomendes/.m2/repository/net/minidev/accessors-smart/2.4.11/accessors-smart-2.4.11.jar:/Users/otaviomendes/.m2/repository/org/ow2/asm/asm/9.3/asm-9.3.jar:/Users/otaviomendes/.m2/repository/org/assertj/assertj-core/3.24.2/assertj-core-3.24.2.jar:/Users/otaviomendes/.m2/repository/org/hamcrest/hamcrest/2.2/hamcrest-2.2.jar:/Users/otaviomendes/.m2/repository/org/junit/jupiter/junit-jupiter/5.9.3/junit-jupiter-5.9.3.jar:/Users/otaviomendes/.m2/repository/org/junit/jupiter/junit-jupiter-api/5.9.3/junit-jupiter-api-5.9.3.jar:/Users/otaviomendes/.m2/repository/org/opentest4j/opentest4j/1.2.0/opentest4j-1.2.0.jar:/Users/otaviomendes/.m2/repository/org/junit/platform/junit-platform-commons/1.9.3/junit-platform-commons-1.9.3.jar:/Users/otaviomendes/.m2/repository/org/apiguardian/apiguardian-api/1.1.2/apiguardian-api-1.1.2.jar:/Users/otaviomendes/.m2/repository/org/junit/jupiter/junit-jupiter-params/5.9.3/junit-jupiter-params-5.9.3.jar:/Users/otaviomendes/.m2/repository/org/junit/jupiter/junit-jupiter-engine/5.9.3/junit-jupiter-engine-5.9.3.jar:/Users/otaviomendes/.m2/repository/org/junit/platform/junit-platform-engine/1.9.3/junit-platform-engine-1.9.3.jar:/Users/otaviomendes/.m2/repository/org/mockito/mockito-core/5.3.1/mockito-core-5.3.1.jar:/Users/otaviomendes/.m2/repository/net/bytebuddy/byte-buddy-agent/1.14.13/byte-buddy-agent-1.14.13.jar:/Users/otaviomendes/.m2/repository/org/objenesis/objenesis/3.3/objenesis-3.3.jar:/Users/otaviomendes/.m2/repository/org/mockito/mockito-junit-jupiter/5.3.1/mockito-junit-jupiter-5.3.1.jar:/Users/otaviomendes/.m2/repository/org/skyscreamer/jsonassert/1.5.1/jsonassert-1.5.1.jar:/Users/otaviomendes/.m2/repository/com/vaadin/external/google/android-json/0.0.20131108.vaadin1/android-json-0.0.20131108.vaadin1.jar:/Users/otaviomendes/.m2/repository/org/springframework/spring-core/6.0.19/spring-core-6.0.19.jar:/Users/otaviomendes/.m2/repository/org/springframework/spring-jcl/6.0.19/spring-jcl-6.0.19.jar:/Users/otaviomendes/.m2/repository/org/springframework/spring-test/6.0.19/spring-test-6.0.19.jar:/Users/otaviomendes/.m2/repository/org/xmlunit/xmlunit-core/2.9.1/xmlunit-core-2.9.1.jar:/Users/otaviomendes/.m2/repository/jakarta/validation/jakarta.validation-api/3.0.2/jakarta.validation-api-3.0.2.jar:"/>
    <property name="sun.cpu.endian" value="little"/>
    <property name="user.home" value="/Users/otaviomendes"/>
    <property name="user.language" value="pt"/>
    <property name="java.specification.vendor" value="Oracle Corporation"/>
    <property name="java.version.date" value="2024-04-16"/>
    <property name="java.home" value="/Users/otaviomendes/Library/Java/JavaVirtualMachines/openjdk-22.0.1/Contents/Home"/>
    <property name="file.separator" value="/"/>
    <property name="basedir" value="/Users/otaviomendes/Documents/GitHub/TodoList-Update-"/>
    <property name="java.vm.compressedOopsMode" value="Zero based"/>
    <property name="line.separator" value="&#10;"/>
    <property name="java.vm.specification.vendor" value="Oracle Corporation"/>
    <property name="java.specification.name" value="Java Platform API Specification"/>
    <property name="FILE_LOG_CHARSET" value="UTF-8"/>
    <property name="java.awt.headless" value="true"/>
    <property name="apple.awt.application.name" value="ForkedBooter"/>
    <property name="surefire.real.class.path" value="/Users/otaviomendes/Documents/GitHub/TodoList-Update-/target/surefire/surefirebooter-20240517074433663_3.jar"/>
    <property name="sun.management.compiler" value="HotSpot 64-Bit Tiered Compilers"/>
    <property name="ftp.nonProxyHosts" value="local|*.local|169.254/16|*.169.254/16"/>
    <property name="java.runtime.version" value="22.0.1+8-16"/>
    <property name="user.name" value="otaviomendes"/>
    <property name="stdout.encoding" value="UTF-8"/>
    <property name="path.separator" value=":"/>
    <property name="os.version" value="14.5"/>
    <property name="java.runtime.name" value="OpenJDK Runtime Environment"/>
    <property name="file.encoding" value="UTF-8"/>
    <property name="java.vm.name" value="OpenJDK 64-Bit Server VM"/>
    <property name="localRepository" value="/Users/otaviomendes/.m2/repository"/>
    <property name="java.vendor.url.bug" value="https://bugreport.java.com/bugreport/"/>
    <property name="java.io.tmpdir" value="/var/folders/3m/_46brjcn7799dwgyymhlxshr0000gn/T/"/>
    <property name="idea.version" value="2024.1.1"/>
    <property name="catalina.home" value="/private/var/folders/3m/_46brjcn7799dwgyymhlxshr0000gn/T/tomcat.0.518381074386867370"/>
    <property name="com.zaxxer.hikari.pool_number" value="1"/>
    <property name="java.version" value="22.0.1"/>
    <property name="user.dir" value="/Users/otaviomendes/Documents/GitHub/TodoList-Update-"/>
    <property name="os.arch" value="aarch64"/>
    <property name="java.vm.specification.name" value="Java Virtual Machine Specification"/>
    <property name="PID" value="3377"/>
    <property name="CONSOLE_LOG_CHARSET" value="UTF-8"/>
    <property name="catalina.base" value="/private/var/folders/3m/_46brjcn7799dwgyymhlxshr0000gn/T/tomcat.0.518381074386867370"/>
    <property name="native.encoding" value="UTF-8"/>
    <property name="java.library.path" value="/Users/otaviomendes/Library/Java/Extensions:/Library/Java/Extensions:/Network/Library/Java/Extensions:/System/Library/Java/Extensions:/usr/lib/java:."/>
    <property name="java.vm.info" value="mixed mode, sharing"/>
    <property name="stderr.encoding" value="UTF-8"/>
    <property name="java.vendor" value="Oracle Corporation"/>
    <property name="java.vm.version" value="22.0.1+8-16"/>
    <property name="sun.io.unicode.encoding" value="UnicodeBig"/>
    <property name="socksNonProxyHosts" value="local|*.local|169.254/16|*.169.254/16"/>
    <property name="java.class.version" value="66.0"/>
  </properties>
  <testcase name="testCreateTodoSuccess" classname="com.otaviomendes.TodoList.TodoListApplicationTests" time="0.315">
    <system-out><![CDATA[07:44:34.027 [main] INFO org.springframework.test.context.support.AnnotationConfigContextLoaderUtils -- Could not detect default configuration classes for test class [com.otaviomendes.TodoList.TodoListApplicationTests]: TodoListApplicationTests does not declare any static, non-private, non-final, nested classes annotated with @Configuration.
07:44:34.071 [main] INFO org.springframework.boot.test.context.SpringBootTestContextBootstrapper -- Found @SpringBootConfiguration com.otaviomendes.TodoList.TodoListApplication for test class com.otaviomendes.TodoList.TodoListApplicationTests
07:44:34.144 [main] INFO org.springframework.boot.devtools.restart.RestartApplicationListener -- Restart disabled due to context in which it is running

  .   ____          _            __ _ _
 /\\ / ___'_ __ _ _(_)_ __  __ _ \ \ \ \
( ( )\___ | '_ | '_| | '_ \/ _` | \ \ \ \
 \\/  ___)| |_)| | | | | || (_| |  ) ) ) )
  '  |____| .__|_| |_|_| |_\__, | / / / /
 =========|_|==============|___/=/_/_/_/
&amp#27;[32m :: Spring Boot :: &amp#27;[39m    &amp#27;[2m (v3.1.11-SNAPSHOT)&amp#27;[0;39m

&amp#27;[2m2024-05-17T07:44:34.294-03:00&amp#27;[0;39m &amp#27;[32m INFO&amp#27;[0;39m &amp#27;[35m3377&amp#27;[0;39m &amp#27;[2m---&amp#27;[0;39m &amp#27;[2m[           main]&amp#27;[0;39m &amp#27;[36mc.o.TodoList.TodoListApplicationTests   &amp#27;[0;39m &amp#27;[2m:&amp#27;[0;39m Starting TodoListApplicationTests using Java 22.0.1 with PID 3377 (started by otaviomendes in /Users/otaviomendes/Documents/GitHub/TodoList-Update-)
&amp#27;[2m2024-05-17T07:44:34.295-03:00&amp#27;[0;39m &amp#27;[32m INFO&amp#27;[0;39m &amp#27;[35m3377&amp#27;[0;39m &amp#27;[2m---&amp#27;[0;39m &amp#27;[2m[           main]&amp#27;[0;39m &amp#27;[36mc.o.TodoList.TodoListApplicationTests   &amp#27;[0;39m &amp#27;[2m:&amp#27;[0;39m No active profile set, falling back to 1 default profile: "default"
&amp#27;[2m2024-05-17T07:44:34.641-03:00&amp#27;[0;39m &amp#27;[32m INFO&amp#27;[0;39m &amp#27;[35m3377&amp#27;[0;39m &amp#27;[2m---&amp#27;[0;39m &amp#27;[2m[           main]&amp#27;[0;39m &amp#27;[36m.s.d.r.c.RepositoryConfigurationDelegate&amp#27;[0;39m &amp#27;[2m:&amp#27;[0;39m Bootstrapping Spring Data JPA repositories in DEFAULT mode.
&amp#27;[2m2024-05-17T07:44:34.711-03:00&amp#27;[0;39m &amp#27;[32m INFO&amp#27;[0;39m &amp#27;[35m3377&amp#27;[0;39m &amp#27;[2m---&amp#27;[0;39m &amp#27;[2m[           main]&amp#27;[0;39m &amp#27;[36m.s.d.r.c.RepositoryConfigurationDelegate&amp#27;[0;39m &amp#27;[2m:&amp#27;[0;39m Finished Spring Data repository scanning in 66 ms. Found 1 JPA repository interface.
&amp#27;[2m2024-05-17T07:44:34.997-03:00&amp#27;[0;39m &amp#27;[32m INFO&amp#27;[0;39m &amp#27;[35m3377&amp#27;[0;39m &amp#27;[2m---&amp#27;[0;39m &amp#27;[2m[           main]&amp#27;[0;39m &amp#27;[36mo.s.b.w.embedded.tomcat.TomcatWebServer &amp#27;[0;39m &amp#27;[2m:&amp#27;[0;39m Tomcat initialized with port(s): 0 (http)
&amp#27;[2m2024-05-17T07:44:35.003-03:00&amp#27;[0;39m &amp#27;[32m INFO&amp#27;[0;39m &amp#27;[35m3377&amp#27;[0;39m &amp#27;[2m---&amp#27;[0;39m &amp#27;[2m[           main]&amp#27;[0;39m &amp#27;[36mo.apache.catalina.core.StandardService  &amp#27;[0;39m &amp#27;[2m:&amp#27;[0;39m Starting service [Tomcat]
&amp#27;[2m2024-05-17T07:44:35.003-03:00&amp#27;[0;39m &amp#27;[32m INFO&amp#27;[0;39m &amp#27;[35m3377&amp#27;[0;39m &amp#27;[2m---&amp#27;[0;39m &amp#27;[2m[           main]&amp#27;[0;39m &amp#27;[36mo.apache.catalina.core.StandardEngine   &amp#27;[0;39m &amp#27;[2m:&amp#27;[0;39m Starting Servlet engine: [Apache Tomcat/10.1.20]
&amp#27;[2m2024-05-17T07:44:35.053-03:00&amp#27;[0;39m &amp#27;[32m INFO&amp#27;[0;39m &amp#27;[35m3377&amp#27;[0;39m &amp#27;[2m---&amp#27;[0;39m &amp#27;[2m[           main]&amp#27;[0;39m &amp#27;[36mo.a.c.c.C.[Tomcat].[localhost].[/]      &amp#27;[0;39m &amp#27;[2m:&amp#27;[0;39m Initializing Spring embedded WebApplicationContext
&amp#27;[2m2024-05-17T07:44:35.053-03:00&amp#27;[0;39m &amp#27;[32m INFO&amp#27;[0;39m &amp#27;[35m3377&amp#27;[0;39m &amp#27;[2m---&amp#27;[0;39m &amp#27;[2m[           main]&amp#27;[0;39m &amp#27;[36mw.s.c.ServletWebServerApplicationContext&amp#27;[0;39m &amp#27;[2m:&amp#27;[0;39m Root WebApplicationContext: initialization completed in 749 ms
&amp#27;[2m2024-05-17T07:44:35.071-03:00&amp#27;[0;39m &amp#27;[32m INFO&amp#27;[0;39m &amp#27;[35m3377&amp#27;[0;39m &amp#27;[2m---&amp#27;[0;39m &amp#27;[2m[           main]&amp#27;[0;39m &amp#27;[36mcom.zaxxer.hikari.HikariDataSource      &amp#27;[0;39m &amp#27;[2m:&amp#27;[0;39m HikariPool-1 - Starting...
&amp#27;[2m2024-05-17T07:44:35.180-03:00&amp#27;[0;39m &amp#27;[32m INFO&amp#27;[0;39m &amp#27;[35m3377&amp#27;[0;39m &amp#27;[2m---&amp#27;[0;39m &amp#27;[2m[           main]&amp#27;[0;39m &amp#27;[36mcom.zaxxer.hikari.pool.HikariPool       &amp#27;[0;39m &amp#27;[2m:&amp#27;[0;39m HikariPool-1 - Added connection conn0: url=jdbc:h2:mem:testdb user=SA
&amp#27;[2m2024-05-17T07:44:35.181-03:00&amp#27;[0;39m &amp#27;[32m INFO&amp#27;[0;39m &amp#27;[35m3377&amp#27;[0;39m &amp#27;[2m---&amp#27;[0;39m &amp#27;[2m[           main]&amp#27;[0;39m &amp#27;[36mcom.zaxxer.hikari.HikariDataSource      &amp#27;[0;39m &amp#27;[2m:&amp#27;[0;39m HikariPool-1 - Start completed.
&amp#27;[2m2024-05-17T07:44:35.187-03:00&amp#27;[0;39m &amp#27;[32m INFO&amp#27;[0;39m &amp#27;[35m3377&amp#27;[0;39m &amp#27;[2m---&amp#27;[0;39m &amp#27;[2m[           main]&amp#27;[0;39m &amp#27;[36mo.s.b.a.h2.H2ConsoleAutoConfiguration   &amp#27;[0;39m &amp#27;[2m:&amp#27;[0;39m H2 console available at '/h2-console'. Database available at 'jdbc:h2:mem:testdb'
&amp#27;[2m2024-05-17T07:44:35.259-03:00&amp#27;[0;39m &amp#27;[32m INFO&amp#27;[0;39m &amp#27;[35m3377&amp#27;[0;39m &amp#27;[2m---&amp#27;[0;39m &amp#27;[2m[           main]&amp#27;[0;39m &amp#27;[36mo.hibernate.jpa.internal.util.LogHelper &amp#27;[0;39m &amp#27;[2m:&amp#27;[0;39m HHH000204: Processing PersistenceUnitInfo [name: default]
&amp#27;[2m2024-05-17T07:44:35.292-03:00&amp#27;[0;39m &amp#27;[32m INFO&amp#27;[0;39m &amp#27;[35m3377&amp#27;[0;39m &amp#27;[2m---&amp#27;[0;39m &amp#27;[2m[           main]&amp#27;[0;39m &amp#27;[36morg.hibernate.Version                   &amp#27;[0;39m &amp#27;[2m:&amp#27;[0;39m HHH000412: Hibernate ORM core version 6.2.24.Final
&amp#27;[2m2024-05-17T07:44:35.293-03:00&amp#27;[0;39m &amp#27;[32m INFO&amp#27;[0;39m &amp#27;[35m3377&amp#27;[0;39m &amp#27;[2m---&amp#27;[0;39m &amp#27;[2m[           main]&amp#27;[0;39m &amp#27;[36morg.hibernate.cfg.Environment           &amp#27;[0;39m &amp#27;[2m:&amp#27;[0;39m HHH000406: Using bytecode reflection optimizer
&amp#27;[2m2024-05-17T07:44:35.422-03:00&amp#27;[0;39m &amp#27;[32m INFO&amp#27;[0;39m &amp#27;[35m3377&amp#27;[0;39m &amp#27;[2m---&amp#27;[0;39m &amp#27;[2m[           main]&amp#27;[0;39m &amp#27;[36mo.s.o.j.p.SpringPersistenceUnitInfo     &amp#27;[0;39m &amp#27;[2m:&amp#27;[0;39m No LoadTimeWeaver setup: ignoring JPA class transformer
&amp#27;[2m2024-05-17T07:44:35.812-03:00&amp#27;[0;39m &amp#27;[32m INFO&amp#27;[0;39m &amp#27;[35m3377&amp#27;[0;39m &amp#27;[2m---&amp#27;[0;39m &amp#27;[2m[           main]&amp#27;[0;39m &amp#27;[36mo.h.e.t.j.p.i.JtaPlatformInitiator      &amp#27;[0;39m &amp#27;[2m:&amp#27;[0;39m HHH000489: No JTA platform available (set 'hibernate.transaction.jta.platform' to enable JTA platform integration)
Hibernate: 
    create table todos (
        id bigint generated by default as identity,
        descricao varchar(255),
        lembrete varchar(255),
        nome varchar(255),
        prioridade varchar(255) check (prioridade in ('Alta','Media','Baixa')),
        realizado boolean not null,
        tipo_todo varchar(255) check (tipo_todo in ('Data','Prazo','Livre')),
        primary key (id)
    )
&amp#27;[2m2024-05-17T07:44:35.841-03:00&amp#27;[0;39m &amp#27;[32m INFO&amp#27;[0;39m &amp#27;[35m3377&amp#27;[0;39m &amp#27;[2m---&amp#27;[0;39m &amp#27;[2m[           main]&amp#27;[0;39m &amp#27;[36mj.LocalContainerEntityManagerFactoryBean&amp#27;[0;39m &amp#27;[2m:&amp#27;[0;39m Initialized JPA EntityManagerFactory for persistence unit 'default'
&amp#27;[2m2024-05-17T07:44:36.023-03:00&amp#27;[0;39m &amp#27;[33m WARN&amp#27;[0;39m &amp#27;[35m3377&amp#27;[0;39m &amp#27;[2m---&amp#27;[0;39m &amp#27;[2m[           main]&amp#27;[0;39m &amp#27;[36mJpaBaseConfiguration$JpaWebConfiguration&amp#27;[0;39m &amp#27;[2m:&amp#27;[0;39m spring.jpa.open-in-view is enabled by default. Therefore, database queries may be performed during view rendering. Explicitly configure spring.jpa.open-in-view to disable this warning
&amp#27;[2m2024-05-17T07:44:36.253-03:00&amp#27;[0;39m &amp#27;[32m INFO&amp#27;[0;39m &amp#27;[35m3377&amp#27;[0;39m &amp#27;[2m---&amp#27;[0;39m &amp#27;[2m[           main]&amp#27;[0;39m &amp#27;[36mo.s.b.w.embedded.tomcat.TomcatWebServer &amp#27;[0;39m &amp#27;[2m:&amp#27;[0;39m Tomcat started on port(s): 51140 (http) with context path ''
&amp#27;[2m2024-05-17T07:44:36.259-03:00&amp#27;[0;39m &amp#27;[32m INFO&amp#27;[0;39m &amp#27;[35m3377&amp#27;[0;39m &amp#27;[2m---&amp#27;[0;39m &amp#27;[2m[           main]&amp#27;[0;39m &amp#27;[36mc.o.TodoList.TodoListApplicationTests   &amp#27;[0;39m &amp#27;[2m:&amp#27;[0;39m Started TodoListApplicationTests in 2.12 seconds (process running for 2.547)
]]></system-out>
    <system-err><![CDATA[SLF4J(W): Class path contains multiple SLF4J providers.
SLF4J(W): Found provider [ch.qos.logback.classic.spi.LogbackServiceProvider@459e9125]
SLF4J(W): Found provider [org.slf4j.nop.NOPServiceProvider@128d2484]
SLF4J(W): Found provider [org.slf4j.jul.JULServiceProvider@7cc0cdad]
SLF4J(W): See https://www.slf4j.org/codes.html#multiple_bindings for an explanation.
SLF4J(I): Actual provider is of type [ch.qos.logback.classic.spi.LogbackServiceProvider@459e9125]
WARNING: A Java agent has been loaded dynamically (/Users/otaviomendes/.m2/repository/net/bytebuddy/byte-buddy-agent/1.14.13/byte-buddy-agent-1.14.13.jar)
WARNING: If a serviceability tool is in use, please run with -XX:+EnableDynamicAgentLoading to hide this warning
WARNING: If a serviceability tool is not in use, please run with -Djdk.instrument.traceUsage for more information
WARNING: Dynamic loading of agents will be disallowed by default in a future release
]]></system-err>
  </testcase>
  <testcase name="testCreateTodoFailure" classname="com.otaviomendes.TodoList.TodoListApplicationTests" time="0.002"/>
</testsuite>